2024-02-24 11:37:59.823 [main] ERROR c.l.l.AirportFileReader - Fail D:\IntelliJIDEAcohort33\Projects\cohort33B\src\main\java\cohort33\lessons\lesson20231125\airports.txt not found D:\IntelliJIDEAcohort33\Projects\cohort33B\src\main\java\cohort33\lessons\lesson20231125\airports.txt (The system cannot find the path specified)
2024-02-24 11:40:04.486 [main] INFO  c.l.l.AirportFileReader - Name Heathrow IATA code LHR Country UnitedKingdom
2024-02-24 11:40:04.488 [main] INFO  c.l.l.AirportFileReader - Name Haneda IATA code HND Country Japan
2024-02-24 11:40:04.488 [main] INFO  c.l.l.AirportFileReader - Name Schiphol IATA code AMS Country Netherlands
2024-02-24 11:40:04.488 [main] INFO  c.l.l.AirportFileReader - Name Changi IATA code SIN Country Singapore
2024-02-24 11:40:04.488 [main] INFO  c.l.l.AirportFileReader - Name Incheon IATA code ICN Country South Korea
2024-02-24 11:40:04.488 [main] INFO  c.l.l.AirportFileReader - Name BenGurion IATA code TVL Country Israel
2024-02-24 11:40:04.488 [main] INFO  c.l.l.AirportFileReader - Name KingsfordSmith IATA code SYD Country Australia
2024-02-24 11:41:31.940 [main] INFO  c.l.l.AirportFileReader - Name: Heathrow, IATA code: LHR, Country: UnitedKingdom
2024-02-24 11:41:31.941 [main] INFO  c.l.l.AirportFileReader - Name: Haneda, IATA code: HND, Country: Japan
2024-02-24 11:41:31.941 [main] INFO  c.l.l.AirportFileReader - Name: Schiphol, IATA code: AMS, Country: Netherlands
2024-02-24 11:41:31.941 [main] INFO  c.l.l.AirportFileReader - Name: Changi, IATA code: SIN, Country: Singapore
2024-02-24 11:41:31.941 [main] INFO  c.l.l.AirportFileReader - Name: Incheon, IATA code: ICN, Country: South Korea
2024-02-24 11:41:31.942 [main] INFO  c.l.l.AirportFileReader - Name: BenGurion, IATA code: TVL, Country: Israel
2024-02-24 11:41:31.942 [main] INFO  c.l.l.AirportFileReader - Name: KingsfordSmith, IATA code: SYD, Country: Australia
2024-02-24 11:49:35.321 [main] ERROR c.l.l.AirportFileReader02 - Fail D:\IntelliJIDEAcohort33\Projects\cohort33B\src\main\java\cohort33\lessons\lesson20231125_02\airportsWorld.txt not found D:\IntelliJIDEAcohort33\Projects\cohort33B\src\main\java\cohort33\lessons\lesson20231125_02\airportsWorld.txt (The system cannot find the file specified)
2024-02-24 11:51:44.478 [main] ERROR c.l.l.AirportFileReader02 - Fail D:\IntelliJIDEAcohort33\Projects\cohort33B\src\main\java\cohort33\lessons\lesson20231125_02\airportsWorld.txt not found D:\IntelliJIDEAcohort33\Projects\cohort33B\src\main\java\cohort33\lessons\lesson20231125_02\airportsWorld.txt (The system cannot find the file specified)
2024-02-24 11:52:40.217 [main] INFO  c.l.l.AirportFileReader02 - Name: Heathrow, IATA code: LHR, Country: United Kingdom
2024-02-24 11:52:40.219 [main] INFO  c.l.l.AirportFileReader02 - Name: Haneda, IATA code: HND, Country: Japan
2024-02-24 11:52:40.219 [main] INFO  c.l.l.AirportFileReader02 - Name: Schiphol, IATA code: AMS, Country: Netherlands
2024-02-24 11:52:40.219 [main] INFO  c.l.l.AirportFileReader02 - Name: Changi, IATA code: SIN, Country: Singapore
2024-02-24 11:52:40.219 [main] INFO  c.l.l.AirportFileReader02 - Name: Incheon, IATA code: ICN, Country: South Korea
2024-02-24 11:52:40.219 [main] INFO  c.l.l.AirportFileReader02 - Name: Ben Gurion - 2, IATA code: TVL, Country: Israel
2024-02-24 11:52:40.219 [main] INFO  c.l.l.AirportFileReader02 - Name: Kingsford Smith, IATA code: SYD, Country: Australia
2024-02-24 14:37:33.318 [main] INFO  c.l.l.EmployeeOutputStream - Employee data was successfully saved. id: 1876
2024-02-24 14:40:32.796 [main] INFO  c.l.l.EmployeeOutputStream - Employee data was successfully saved. id: 1876
2024-02-24 14:41:22.766 [main] INFO  c.l.l.EmployeeOutputStream - Employee data was successfully saved. id: 1876
2024-02-24 14:44:17.964 [main] INFO  c.l.l.EmployeeOutputStream - Employee data was successfully saved. id: 1876
2024-02-24 14:55:52.705 [main] INFO  c.l.l.EmployeeOutputStream - Employee data was successfully saved. id: 1876
2024-02-24 14:56:08.550 [main] INFO  c.l.l.EmployeeInputStream - Object was successfully created, ID: 1876
2024-02-24 14:58:43.939 [main] INFO  c.l.l.EmployeeOutputStream - Employee data was successfully saved. id: 1876
2024-02-24 14:59:38.001 [main] INFO  c.l.l.EmployeeInputStream - Object was successfully created, ID: 1876
2024-02-24 15:02:07.467 [main] INFO  c.l.l.EmployeeInputStream - Object was successfully created, ID: 1876, Name: Batman
